Grammar

    0 $accept: Program $end

    1 Program: %empty
    2        | ProgramFull

    3 ProgramFull: SimpleDeclaration TERMINAL
    4            | SimpleDeclaration TERMINAL ProgramFull
    5            | RoutineDeclaration TERMINAL
    6            | RoutineDeclaration TERMINAL ProgramFull

    7 SimpleDeclaration: VariableDeclaration
    8                  | TypeDeclaration

    9 VariableDeclaration: VAR_TOKEN IDENT COLON Type
   10                    | VAR_TOKEN IDENT COLON Type IS_TOKEN Expression
   11                    | VAR_TOKEN IDENT IS_TOKEN Expression

   12 VariableDeclarations: VariableDeclaration TERMINAL
   13                     | VariableDeclaration TERMINAL VariableDeclarations

   14 TypeDeclaration: TYPE_TOKEN IDENT IS_TOKEN Type

   15 Type: PrimitiveType
   16     | ArrayType
   17     | RecordType
   18     | IDENT

   19 PrimitiveType: INT_TOKEN
   20              | REAL_TOKEN
   21              | BOOL_TOKEN

   22 RecordType: REC_TOKEN END_TOKEN
   23           | REC_TOKEN VariableDeclarations END_TOKEN

   24 ArrayType: ARRAY_TOKEN LBRACKET Expression RBRACKET Type
   25          | ARRAY_TOKEN LBRACKET RBRACKET Type
   26          | ARRAY_TOKEN Type

   27 Expression: Relation
   28           | Relation Logical Relation

   29 Logical: AND_TOKEN
   30        | OR_TOKEN
   31        | XOR_TOKEN

   32 Relation: Simple
   33         | Simple Correlation Simple

   34 Correlation: LESS
   35            | LESS_OR_EQ
   36            | MORE
   37            | MORE_OR_EQ
   38            | EQ
   39            | NOT_EQ

   40 Simple: Factor
   41       | Factor FactorSign Factor

   42 FactorSign: MULTIPLY
   43           | DIVIDE
   44           | MOD

   45 Factor: Summand
   46       | Summand Sign Summand

   47 Sign: PLUS
   48     | MINUS

   49 Summand: Primary
   50        | LPAREN Expression RPAREN

   51 Primary: INT_LITERAL
   52        | REAL_LITERAL
   53        | TRUE_TOKEN
   54        | FALSE_TOKEN
   55        | ModifiablePrimary
   56        | RoutineCall

   57 ModifiablePrimary: IDENT
   58                  | IDENT ModifiableSecondary

   59 ModifiableSecondary: POINT IDENT
   60                    | LBRACKET Expression RBRACKET
   61                    | POINT IDENT ModifiableSecondary
   62                    | LBRACKET Expression RBRACKET ModifiableSecondary

   63 RoutineDeclaration: ROUTINE_TOKEN IDENT
   64                   | ROUTINE_TOKEN IDENT IS_TOKEN END_TOKEN
   65                   | ROUTINE_TOKEN IDENT IS_TOKEN Body END_TOKEN
   66                   | ROUTINE_TOKEN IDENT COLON Type
   67                   | ROUTINE_TOKEN IDENT COLON Type IS_TOKEN END_TOKEN
   68                   | ROUTINE_TOKEN IDENT COLON Type IS_TOKEN Body END_TOKEN
   69                   | ROUTINE_TOKEN IDENT LPAREN RPAREN
   70                   | ROUTINE_TOKEN IDENT LPAREN Parameters RPAREN
   71                   | ROUTINE_TOKEN IDENT LPAREN RPAREN IS_TOKEN END_TOKEN
   72                   | ROUTINE_TOKEN IDENT LPAREN Parameters RPAREN IS_TOKEN END_TOKEN
   73                   | ROUTINE_TOKEN IDENT LPAREN RPAREN IS_TOKEN Body END_TOKEN
   74                   | ROUTINE_TOKEN IDENT LPAREN Parameters RPAREN IS_TOKEN Body END_TOKEN
   75                   | ROUTINE_TOKEN IDENT LPAREN RPAREN COLON Type
   76                   | ROUTINE_TOKEN IDENT LPAREN Parameters RPAREN COLON Type
   77                   | ROUTINE_TOKEN IDENT LPAREN RPAREN COLON Type IS_TOKEN END_TOKEN
   78                   | ROUTINE_TOKEN IDENT LPAREN Parameters RPAREN COLON Type IS_TOKEN END_TOKEN
   79                   | ROUTINE_TOKEN IDENT LPAREN RPAREN COLON Type IS_TOKEN Body END_TOKEN

   80 $@1: %empty

   81 RoutineDeclaration: ROUTINE_TOKEN IDENT LPAREN Parameters RPAREN COLON Type IS_TOKEN Body END_TOKEN $@1

   82 ParameterDeclaration: IDENT COLON IDENT
   83                     | IDENT COLON PrimitiveType

   84 Parameters: ParameterDeclaration
   85           | ParameterDeclaration COMMA Parameters

   86 Body: SimpleDeclaration TERMINAL
   87     | Statement TERMINAL
   88     | SimpleDeclaration TERMINAL Body
   89     | Statement TERMINAL Body

   90 Statement: Assignment
   91          | RoutineCall
   92          | WhileLoop
   93          | ForLoop
   94          | IfStatement

   95 Assignment: ModifiablePrimary ASSIGN Expression

   96 RoutineCall: IDENT LPAREN RPAREN
   97            | IDENT LPAREN Expressions RPAREN

   98 Expressions: Expression
   99            | Expression COMMA Expressions

  100 WhileLoop: WHILE_TOKEN Expression LOOP_TOKEN END_TOKEN
  101          | WHILE_TOKEN Expression LOOP_TOKEN Body END_TOKEN

  102 ForLoop: FOR_TOKEN IDENT Range LOOP_TOKEN END_TOKEN
  103        | FOR_TOKEN IDENT Range LOOP_TOKEN Body END_TOKEN

  104 Range: IN_TOKEN Expression FALLEN_COLON Expression
  105      | IN_TOKEN REVERSE_TOKEN Expression FALLEN_COLON Expression

  106 IfStatement: IF_TOKEN Expression THEN_TOKEN Body END_TOKEN
  107            | IF_TOKEN Expression THEN_TOKEN END_TOKEN
  108            | IF_TOKEN Expression THEN_TOKEN Body ELSE_TOKEN Body END_TOKEN
  109            | IF_TOKEN Expression THEN_TOKEN ELSE_TOKEN Body END_TOKEN
  110            | IF_TOKEN Expression THEN_TOKEN Body ELSE_TOKEN END_TOKEN
  111            | IF_TOKEN Expression THEN_TOKEN ELSE_TOKEN END_TOKEN


Terminals, with rules where they appear

$end (0) 0
error (256)
ASSIGN (258) 95
LESS_OR_EQ (259) 35
MORE_OR_EQ (260) 37
NOT_EQ (261) 39
FALLEN_COLON (262) 104 105
TERMINAL (263) 3 4 5 6 12 13 86 87 88 89
COLON (264) 9 10 66 67 68 75 76 77 78 79 81 82 83
COMMA (265) 85 99
LBRACKET (266) 24 25 60 62
RBRACKET (267) 24 25 60 62
LPAREN (268) 50 69 70 71 72 73 74 75 76 77 78 79 81 96 97
RPAREN (269) 50 69 70 71 72 73 74 75 76 77 78 79 81 96 97
MULTIPLY (270) 42
DIVIDE (271) 43
MOD (272) 44
PLUS (273) 47
MINUS (274) 48
POINT (275) 59 61
LESS (276) 34
MORE (277) 36
EQ (278) 38
VAR_TOKEN (279) 9 10 11
IS_TOKEN (280) 10 11 14 64 65 67 68 71 72 73 74 77 78 79 81
TYPE_TOKEN (281) 14
ROUTINE_TOKEN (282) 63 64 65 66 67 68 69 70 71 72 73 74 75 76 77 78
    79 81
END_TOKEN (283) 22 23 64 65 67 68 71 72 73 74 77 78 79 81 100 101 102
    103 106 107 108 109 110 111
INT_TOKEN (284) 19
REAL_TOKEN (285) 20
BOOL_TOKEN (286) 21
REC_TOKEN (287) 22 23
ARRAY_TOKEN (288) 24 25 26
WHILE_TOKEN (289) 100 101
LOOP_TOKEN (290) 100 101 102 103
FOR_TOKEN (291) 102 103
IN_TOKEN (292) 104 105
REVERSE_TOKEN (293) 105
IF_TOKEN (294) 106 107 108 109 110 111
THEN_TOKEN (295) 106 107 108 109 110 111
ELSE_TOKEN (296) 108 109 110 111
AND_TOKEN (297) 29
OR_TOKEN (298) 30
XOR_TOKEN (299) 31
TRUE_TOKEN (300) 53
FALSE_TOKEN (301) 54
IDENT (302) 9 10 11 14 18 57 58 59 61 63 64 65 66 67 68 69 70 71 72
    73 74 75 76 77 78 79 81 82 83 96 97 102 103
INT_LITERAL (303) 51
REAL_LITERAL (304) 52


Nonterminals, with rules where they appear

$accept (50)
    on left: 0
Program (51)
    on left: 1 2, on right: 0
ProgramFull (52)
    on left: 3 4 5 6, on right: 2 4 6
SimpleDeclaration (53)
    on left: 7 8, on right: 3 4 86 88
VariableDeclaration (54)
    on left: 9 10 11, on right: 7 12 13
VariableDeclarations (55)
    on left: 12 13, on right: 13 23
TypeDeclaration (56)
    on left: 14, on right: 8
Type (57)
    on left: 15 16 17 18, on right: 9 10 14 24 25 26 66 67 68 75 76
    77 78 79 81
PrimitiveType (58)
    on left: 19 20 21, on right: 15 83
RecordType (59)
    on left: 22 23, on right: 17
ArrayType (60)
    on left: 24 25 26, on right: 16
Expression (61)
    on left: 27 28, on right: 10 11 24 50 60 62 95 98 99 100 101 104
    105 106 107 108 109 110 111
Logical (62)
    on left: 29 30 31, on right: 28
Relation (63)
    on left: 32 33, on right: 27 28
Correlation (64)
    on left: 34 35 36 37 38 39, on right: 33
Simple (65)
    on left: 40 41, on right: 32 33
FactorSign (66)
    on left: 42 43 44, on right: 41
Factor (67)
    on left: 45 46, on right: 40 41
Sign (68)
    on left: 47 48, on right: 46
Summand (69)
    on left: 49 50, on right: 45 46
Primary (70)
    on left: 51 52 53 54 55 56, on right: 49
ModifiablePrimary (71)
    on left: 57 58, on right: 55 95
ModifiableSecondary (72)
    on left: 59 60 61 62, on right: 58 61 62
RoutineDeclaration (73)
    on left: 63 64 65 66 67 68 69 70 71 72 73 74 75 76 77 78 79 81,
    on right: 5 6
$@1 (74)
    on left: 80, on right: 81
ParameterDeclaration (75)
    on left: 82 83, on right: 84 85
Parameters (76)
    on left: 84 85, on right: 70 72 74 76 78 81 85
Body (77)
    on left: 86 87 88 89, on right: 65 68 73 74 79 81 88 89 101 103
    106 108 109 110
Statement (78)
    on left: 90 91 92 93 94, on right: 87 89
Assignment (79)
    on left: 95, on right: 90
RoutineCall (80)
    on left: 96 97, on right: 56 91
Expressions (81)
    on left: 98 99, on right: 97 99
WhileLoop (82)
    on left: 100 101, on right: 92
ForLoop (83)
    on left: 102 103, on right: 93
Range (84)
    on left: 104 105, on right: 102 103
IfStatement (85)
    on left: 106 107 108 109 110 111, on right: 94


State 0

    0 $accept: . Program $end

    VAR_TOKEN      shift, and go to state 1
    TYPE_TOKEN     shift, and go to state 2
    ROUTINE_TOKEN  shift, and go to state 3

    $default  reduce using rule 1 (Program)

    Program              go to state 4
    ProgramFull          go to state 5
    SimpleDeclaration    go to state 6
    VariableDeclaration  go to state 7
    TypeDeclaration      go to state 8
    RoutineDeclaration   go to state 9


State 1

    9 VariableDeclaration: VAR_TOKEN . IDENT COLON Type
   10                    | VAR_TOKEN . IDENT COLON Type IS_TOKEN Expression
   11                    | VAR_TOKEN . IDENT IS_TOKEN Expression

    IDENT  shift, and go to state 10


State 2

   14 TypeDeclaration: TYPE_TOKEN . IDENT IS_TOKEN Type

    IDENT  shift, and go to state 11


State 3

   63 RoutineDeclaration: ROUTINE_TOKEN . IDENT
   64                   | ROUTINE_TOKEN . IDENT IS_TOKEN END_TOKEN
   65                   | ROUTINE_TOKEN . IDENT IS_TOKEN Body END_TOKEN
   66                   | ROUTINE_TOKEN . IDENT COLON Type
   67                   | ROUTINE_TOKEN . IDENT COLON Type IS_TOKEN END_TOKEN
   68                   | ROUTINE_TOKEN . IDENT COLON Type IS_TOKEN Body END_TOKEN
   69                   | ROUTINE_TOKEN . IDENT LPAREN RPAREN
   70                   | ROUTINE_TOKEN . IDENT LPAREN Parameters RPAREN
   71                   | ROUTINE_TOKEN . IDENT LPAREN RPAREN IS_TOKEN END_TOKEN
   72                   | ROUTINE_TOKEN . IDENT LPAREN Parameters RPAREN IS_TOKEN END_TOKEN
   73                   | ROUTINE_TOKEN . IDENT LPAREN RPAREN IS_TOKEN Body END_TOKEN
   74                   | ROUTINE_TOKEN . IDENT LPAREN Parameters RPAREN IS_TOKEN Body END_TOKEN
   75                   | ROUTINE_TOKEN . IDENT LPAREN RPAREN COLON Type
   76                   | ROUTINE_TOKEN . IDENT LPAREN Parameters RPAREN COLON Type
   77                   | ROUTINE_TOKEN . IDENT LPAREN RPAREN COLON Type IS_TOKEN END_TOKEN
   78                   | ROUTINE_TOKEN . IDENT LPAREN Parameters RPAREN COLON Type IS_TOKEN END_TOKEN
   79                   | ROUTINE_TOKEN . IDENT LPAREN RPAREN COLON Type IS_TOKEN Body END_TOKEN
   81                   | ROUTINE_TOKEN . IDENT LPAREN Parameters RPAREN COLON Type IS_TOKEN Body END_TOKEN $@1

    IDENT  shift, and go to state 12


State 4

    0 $accept: Program . $end

    $end  shift, and go to state 13


State 5

    2 Program: ProgramFull .

    $default  reduce using rule 2 (Program)


State 6

    3 ProgramFull: SimpleDeclaration . TERMINAL
    4            | SimpleDeclaration . TERMINAL ProgramFull

    TERMINAL  shift, and go to state 14


State 7

    7 SimpleDeclaration: VariableDeclaration .

    $default  reduce using rule 7 (SimpleDeclaration)


State 8

    8 SimpleDeclaration: TypeDeclaration .

    $default  reduce using rule 8 (SimpleDeclaration)


State 9

    5 ProgramFull: RoutineDeclaration . TERMINAL
    6            | RoutineDeclaration . TERMINAL ProgramFull

    TERMINAL  shift, and go to state 15


State 10

    9 VariableDeclaration: VAR_TOKEN IDENT . COLON Type
   10                    | VAR_TOKEN IDENT . COLON Type IS_TOKEN Expression
   11                    | VAR_TOKEN IDENT . IS_TOKEN Expression

    COLON     shift, and go to state 16
    IS_TOKEN  shift, and go to state 17


State 11

   14 TypeDeclaration: TYPE_TOKEN IDENT . IS_TOKEN Type

    IS_TOKEN  shift, and go to state 18


State 12

   63 RoutineDeclaration: ROUTINE_TOKEN IDENT .
   64                   | ROUTINE_TOKEN IDENT . IS_TOKEN END_TOKEN
   65                   | ROUTINE_TOKEN IDENT . IS_TOKEN Body END_TOKEN
   66                   | ROUTINE_TOKEN IDENT . COLON Type
   67                   | ROUTINE_TOKEN IDENT . COLON Type IS_TOKEN END_TOKEN
   68                   | ROUTINE_TOKEN IDENT . COLON Type IS_TOKEN Body END_TOKEN
   69                   | ROUTINE_TOKEN IDENT . LPAREN RPAREN
   70                   | ROUTINE_TOKEN IDENT . LPAREN Parameters RPAREN
   71                   | ROUTINE_TOKEN IDENT . LPAREN RPAREN IS_TOKEN END_TOKEN
   72                   | ROUTINE_TOKEN IDENT . LPAREN Parameters RPAREN IS_TOKEN END_TOKEN
   73                   | ROUTINE_TOKEN IDENT . LPAREN RPAREN IS_TOKEN Body END_TOKEN
   74                   | ROUTINE_TOKEN IDENT . LPAREN Parameters RPAREN IS_TOKEN Body END_TOKEN
   75                   | ROUTINE_TOKEN IDENT . LPAREN RPAREN COLON Type
   76                   | ROUTINE_TOKEN IDENT . LPAREN Parameters RPAREN COLON Type
   77                   | ROUTINE_TOKEN IDENT . LPAREN RPAREN COLON Type IS_TOKEN END_TOKEN
   78                   | ROUTINE_TOKEN IDENT . LPAREN Parameters RPAREN COLON Type IS_TOKEN END_TOKEN
   79                   | ROUTINE_TOKEN IDENT . LPAREN RPAREN COLON Type IS_TOKEN Body END_TOKEN
   81                   | ROUTINE_TOKEN IDENT . LPAREN Parameters RPAREN COLON Type IS_TOKEN Body END_TOKEN $@1

    COLON     shift, and go to state 19
    LPAREN    shift, and go to state 20
    IS_TOKEN  shift, and go to state 21

    $default  reduce using rule 63 (RoutineDeclaration)


State 13

    0 $accept: Program $end .

    $default  accept


State 14

    3 ProgramFull: SimpleDeclaration TERMINAL .
    4            | SimpleDeclaration TERMINAL . ProgramFull

    VAR_TOKEN      shift, and go to state 1
    TYPE_TOKEN     shift, and go to state 2
    ROUTINE_TOKEN  shift, and go to state 3

    $default  reduce using rule 3 (ProgramFull)

    ProgramFull          go to state 22
    SimpleDeclaration    go to state 6
    VariableDeclaration  go to state 7
    TypeDeclaration      go to state 8
    RoutineDeclaration   go to state 9


State 15

    5 ProgramFull: RoutineDeclaration TERMINAL .
    6            | RoutineDeclaration TERMINAL . ProgramFull

    VAR_TOKEN      shift, and go to state 1
    TYPE_TOKEN     shift, and go to state 2
    ROUTINE_TOKEN  shift, and go to state 3

    $default  reduce using rule 5 (ProgramFull)

    ProgramFull          go to state 23
    SimpleDeclaration    go to state 6
    VariableDeclaration  go to state 7
    TypeDeclaration      go to state 8
    RoutineDeclaration   go to state 9


State 16

    9 VariableDeclaration: VAR_TOKEN IDENT COLON . Type
   10                    | VAR_TOKEN IDENT COLON . Type IS_TOKEN Expression

    INT_TOKEN    shift, and go to state 24
    REAL_TOKEN   shift, and go to state 25
    BOOL_TOKEN   shift, and go to state 26
    REC_TOKEN    shift, and go to state 27
    ARRAY_TOKEN  shift, and go to state 28
    IDENT        shift, and go to state 29

    Type           go to state 30
    PrimitiveType  go to state 31
    RecordType     go to state 32
    ArrayType      go to state 33


State 17

   11 VariableDeclaration: VAR_TOKEN IDENT IS_TOKEN . Expression

    LPAREN        shift, and go to state 34
    TRUE_TOKEN    shift, and go to state 35
    FALSE_TOKEN   shift, and go to state 36
    IDENT         shift, and go to state 37
    INT_LITERAL   shift, and go to state 38
    REAL_LITERAL  shift, and go to state 39

    Expression         go to state 40
    Relation           go to state 41
    Simple             go to state 42
    Factor             go to state 43
    Summand            go to state 44
    Primary            go to state 45
    ModifiablePrimary  go to state 46
    RoutineCall        go to state 47


State 18

   14 TypeDeclaration: TYPE_TOKEN IDENT IS_TOKEN . Type

    INT_TOKEN    shift, and go to state 24
    REAL_TOKEN   shift, and go to state 25
    BOOL_TOKEN   shift, and go to state 26
    REC_TOKEN    shift, and go to state 27
    ARRAY_TOKEN  shift, and go to state 28
    IDENT        shift, and go to state 29

    Type           go to state 48
    PrimitiveType  go to state 31
    RecordType     go to state 32
    ArrayType      go to state 33


State 19

   66 RoutineDeclaration: ROUTINE_TOKEN IDENT COLON . Type
   67                   | ROUTINE_TOKEN IDENT COLON . Type IS_TOKEN END_TOKEN
   68                   | ROUTINE_TOKEN IDENT COLON . Type IS_TOKEN Body END_TOKEN

    INT_TOKEN    shift, and go to state 24
    REAL_TOKEN   shift, and go to state 25
    BOOL_TOKEN   shift, and go to state 26
    REC_TOKEN    shift, and go to state 27
    ARRAY_TOKEN  shift, and go to state 28
    IDENT        shift, and go to state 29

    Type           go to state 49
    PrimitiveType  go to state 31
    RecordType     go to state 32
    ArrayType      go to state 33


State 20

   69 RoutineDeclaration: ROUTINE_TOKEN IDENT LPAREN . RPAREN
   70                   | ROUTINE_TOKEN IDENT LPAREN . Parameters RPAREN
   71                   | ROUTINE_TOKEN IDENT LPAREN . RPAREN IS_TOKEN END_TOKEN
   72                   | ROUTINE_TOKEN IDENT LPAREN . Parameters RPAREN IS_TOKEN END_TOKEN
   73                   | ROUTINE_TOKEN IDENT LPAREN . RPAREN IS_TOKEN Body END_TOKEN
   74                   | ROUTINE_TOKEN IDENT LPAREN . Parameters RPAREN IS_TOKEN Body END_TOKEN
   75                   | ROUTINE_TOKEN IDENT LPAREN . RPAREN COLON Type
   76                   | ROUTINE_TOKEN IDENT LPAREN . Parameters RPAREN COLON Type
   77                   | ROUTINE_TOKEN IDENT LPAREN . RPAREN COLON Type IS_TOKEN END_TOKEN
   78                   | ROUTINE_TOKEN IDENT LPAREN . Parameters RPAREN COLON Type IS_TOKEN END_TOKEN
   79                   | ROUTINE_TOKEN IDENT LPAREN . RPAREN COLON Type IS_TOKEN Body END_TOKEN
   81                   | ROUTINE_TOKEN IDENT LPAREN . Parameters RPAREN COLON Type IS_TOKEN Body END_TOKEN $@1

    RPAREN  shift, and go to state 50
    IDENT   shift, and go to state 51

    ParameterDeclaration  go to state 52
    Parameters            go to state 53


State 21

   64 RoutineDeclaration: ROUTINE_TOKEN IDENT IS_TOKEN . END_TOKEN
   65                   | ROUTINE_TOKEN IDENT IS_TOKEN . Body END_TOKEN

    VAR_TOKEN    shift, and go to state 1
    TYPE_TOKEN   shift, and go to state 2
    END_TOKEN    shift, and go to state 54
    WHILE_TOKEN  shift, and go to state 55
    FOR_TOKEN    shift, and go to state 56
    IF_TOKEN     shift, and go to state 57
    IDENT        shift, and go to state 37

    SimpleDeclaration    go to state 58
    VariableDeclaration  go to state 7
    TypeDeclaration      go to state 8
    ModifiablePrimary    go to state 59
    Body                 go to state 60
    Statement            go to state 61
    Assignment           go to state 62
    RoutineCall          go to state 63
    WhileLoop            go to state 64
    ForLoop              go to state 65
    IfStatement          go to state 66


State 22

    4 ProgramFull: SimpleDeclaration TERMINAL ProgramFull .

    $default  reduce using rule 4 (ProgramFull)


State 23

    6 ProgramFull: RoutineDeclaration TERMINAL ProgramFull .

    $default  reduce using rule 6 (ProgramFull)


State 24

   19 PrimitiveType: INT_TOKEN .

    $default  reduce using rule 19 (PrimitiveType)


State 25

   20 PrimitiveType: REAL_TOKEN .

    $default  reduce using rule 20 (PrimitiveType)


State 26

   21 PrimitiveType: BOOL_TOKEN .

    $default  reduce using rule 21 (PrimitiveType)


State 27

   22 RecordType: REC_TOKEN . END_TOKEN
   23           | REC_TOKEN . VariableDeclarations END_TOKEN

    VAR_TOKEN  shift, and go to state 1
    END_TOKEN  shift, and go to state 67

    VariableDeclaration   go to state 68
    VariableDeclarations  go to state 69


State 28

   24 ArrayType: ARRAY_TOKEN . LBRACKET Expression RBRACKET Type
   25          | ARRAY_TOKEN . LBRACKET RBRACKET Type
   26          | ARRAY_TOKEN . Type

    LBRACKET     shift, and go to state 70
    INT_TOKEN    shift, and go to state 24
    REAL_TOKEN   shift, and go to state 25
    BOOL_TOKEN   shift, and go to state 26
    REC_TOKEN    shift, and go to state 27
    ARRAY_TOKEN  shift, and go to state 28
    IDENT        shift, and go to state 29

    Type           go to state 71
    PrimitiveType  go to state 31
    RecordType     go to state 32
    ArrayType      go to state 33


State 29

   18 Type: IDENT .

    $default  reduce using rule 18 (Type)


State 30

    9 VariableDeclaration: VAR_TOKEN IDENT COLON Type .
   10                    | VAR_TOKEN IDENT COLON Type . IS_TOKEN Expression

    IS_TOKEN  shift, and go to state 72

    $default  reduce using rule 9 (VariableDeclaration)


State 31

   15 Type: PrimitiveType .

    $default  reduce using rule 15 (Type)


State 32

   17 Type: RecordType .

    $default  reduce using rule 17 (Type)


State 33

   16 Type: ArrayType .

    $default  reduce using rule 16 (Type)


State 34

   50 Summand: LPAREN . Expression RPAREN

    LPAREN        shift, and go to state 34
    TRUE_TOKEN    shift, and go to state 35
    FALSE_TOKEN   shift, and go to state 36
    IDENT         shift, and go to state 37
    INT_LITERAL   shift, and go to state 38
    REAL_LITERAL  shift, and go to state 39

    Expression         go to state 73
    Relation           go to state 41
    Simple             go to state 42
    Factor             go to state 43
    Summand            go to state 44
    Primary            go to state 45
    ModifiablePrimary  go to state 46
    RoutineCall        go to state 47


State 35

   53 Primary: TRUE_TOKEN .

    $default  reduce using rule 53 (Primary)


State 36

   54 Primary: FALSE_TOKEN .

    $default  reduce using rule 54 (Primary)


State 37

   57 ModifiablePrimary: IDENT .
   58                  | IDENT . ModifiableSecondary
   96 RoutineCall: IDENT . LPAREN RPAREN
   97            | IDENT . LPAREN Expressions RPAREN

    LBRACKET  shift, and go to state 74
    LPAREN    shift, and go to state 75
    POINT     shift, and go to state 76

    $default  reduce using rule 57 (ModifiablePrimary)

    ModifiableSecondary  go to state 77


State 38

   51 Primary: INT_LITERAL .

    $default  reduce using rule 51 (Primary)


State 39

   52 Primary: REAL_LITERAL .

    $default  reduce using rule 52 (Primary)


State 40

   11 VariableDeclaration: VAR_TOKEN IDENT IS_TOKEN Expression .

    $default  reduce using rule 11 (VariableDeclaration)


State 41

   27 Expression: Relation .
   28           | Relation . Logical Relation

    AND_TOKEN  shift, and go to state 78
    OR_TOKEN   shift, and go to state 79
    XOR_TOKEN  shift, and go to state 80

    $default  reduce using rule 27 (Expression)

    Logical  go to state 81


State 42

   32 Relation: Simple .
   33         | Simple . Correlation Simple

    LESS_OR_EQ  shift, and go to state 82
    MORE_OR_EQ  shift, and go to state 83
    NOT_EQ      shift, and go to state 84
    LESS        shift, and go to state 85
    MORE        shift, and go to state 86
    EQ          shift, and go to state 87

    $default  reduce using rule 32 (Relation)

    Correlation  go to state 88


State 43

   40 Simple: Factor .
   41       | Factor . FactorSign Factor

    MULTIPLY  shift, and go to state 89
    DIVIDE    shift, and go to state 90
    MOD       shift, and go to state 91

    $default  reduce using rule 40 (Simple)

    FactorSign  go to state 92


State 44

   45 Factor: Summand .
   46       | Summand . Sign Summand

    PLUS   shift, and go to state 93
    MINUS  shift, and go to state 94

    $default  reduce using rule 45 (Factor)

    Sign  go to state 95


State 45

   49 Summand: Primary .

    $default  reduce using rule 49 (Summand)


State 46

   55 Primary: ModifiablePrimary .

    $default  reduce using rule 55 (Primary)


State 47

   56 Primary: RoutineCall .

    $default  reduce using rule 56 (Primary)


State 48

   14 TypeDeclaration: TYPE_TOKEN IDENT IS_TOKEN Type .

    $default  reduce using rule 14 (TypeDeclaration)


State 49

   66 RoutineDeclaration: ROUTINE_TOKEN IDENT COLON Type .
   67                   | ROUTINE_TOKEN IDENT COLON Type . IS_TOKEN END_TOKEN
   68                   | ROUTINE_TOKEN IDENT COLON Type . IS_TOKEN Body END_TOKEN

    IS_TOKEN  shift, and go to state 96

    $default  reduce using rule 66 (RoutineDeclaration)


State 50

   69 RoutineDeclaration: ROUTINE_TOKEN IDENT LPAREN RPAREN .
   71                   | ROUTINE_TOKEN IDENT LPAREN RPAREN . IS_TOKEN END_TOKEN
   73                   | ROUTINE_TOKEN IDENT LPAREN RPAREN . IS_TOKEN Body END_TOKEN
   75                   | ROUTINE_TOKEN IDENT LPAREN RPAREN . COLON Type
   77                   | ROUTINE_TOKEN IDENT LPAREN RPAREN . COLON Type IS_TOKEN END_TOKEN
   79                   | ROUTINE_TOKEN IDENT LPAREN RPAREN . COLON Type IS_TOKEN Body END_TOKEN

    COLON     shift, and go to state 97
    IS_TOKEN  shift, and go to state 98

    $default  reduce using rule 69 (RoutineDeclaration)


State 51

   82 ParameterDeclaration: IDENT . COLON IDENT
   83                     | IDENT . COLON PrimitiveType

    COLON  shift, and go to state 99


State 52

   84 Parameters: ParameterDeclaration .
   85           | ParameterDeclaration . COMMA Parameters

    COMMA  shift, and go to state 100

    $default  reduce using rule 84 (Parameters)


State 53

   70 RoutineDeclaration: ROUTINE_TOKEN IDENT LPAREN Parameters . RPAREN
   72                   | ROUTINE_TOKEN IDENT LPAREN Parameters . RPAREN IS_TOKEN END_TOKEN
   74                   | ROUTINE_TOKEN IDENT LPAREN Parameters . RPAREN IS_TOKEN Body END_TOKEN
   76                   | ROUTINE_TOKEN IDENT LPAREN Parameters . RPAREN COLON Type
   78                   | ROUTINE_TOKEN IDENT LPAREN Parameters . RPAREN COLON Type IS_TOKEN END_TOKEN
   81                   | ROUTINE_TOKEN IDENT LPAREN Parameters . RPAREN COLON Type IS_TOKEN Body END_TOKEN $@1

    RPAREN  shift, and go to state 101


State 54

   64 RoutineDeclaration: ROUTINE_TOKEN IDENT IS_TOKEN END_TOKEN .

    $default  reduce using rule 64 (RoutineDeclaration)


State 55

  100 WhileLoop: WHILE_TOKEN . Expression LOOP_TOKEN END_TOKEN
  101          | WHILE_TOKEN . Expression LOOP_TOKEN Body END_TOKEN

    LPAREN        shift, and go to state 34
    TRUE_TOKEN    shift, and go to state 35
    FALSE_TOKEN   shift, and go to state 36
    IDENT         shift, and go to state 37
    INT_LITERAL   shift, and go to state 38
    REAL_LITERAL  shift, and go to state 39

    Expression         go to state 102
    Relation           go to state 41
    Simple             go to state 42
    Factor             go to state 43
    Summand            go to state 44
    Primary            go to state 45
    ModifiablePrimary  go to state 46
    RoutineCall        go to state 47


State 56

  102 ForLoop: FOR_TOKEN . IDENT Range LOOP_TOKEN END_TOKEN
  103        | FOR_TOKEN . IDENT Range LOOP_TOKEN Body END_TOKEN

    IDENT  shift, and go to state 103


State 57

  106 IfStatement: IF_TOKEN . Expression THEN_TOKEN Body END_TOKEN
  107            | IF_TOKEN . Expression THEN_TOKEN END_TOKEN
  108            | IF_TOKEN . Expression THEN_TOKEN Body ELSE_TOKEN Body END_TOKEN
  109            | IF_TOKEN . Expression THEN_TOKEN ELSE_TOKEN Body END_TOKEN
  110            | IF_TOKEN . Expression THEN_TOKEN Body ELSE_TOKEN END_TOKEN
  111            | IF_TOKEN . Expression THEN_TOKEN ELSE_TOKEN END_TOKEN

    LPAREN        shift, and go to state 34
    TRUE_TOKEN    shift, and go to state 35
    FALSE_TOKEN   shift, and go to state 36
    IDENT         shift, and go to state 37
    INT_LITERAL   shift, and go to state 38
    REAL_LITERAL  shift, and go to state 39

    Expression         go to state 104
    Relation           go to state 41
    Simple             go to state 42
    Factor             go to state 43
    Summand            go to state 44
    Primary            go to state 45
    ModifiablePrimary  go to state 46
    RoutineCall        go to state 47


State 58

   86 Body: SimpleDeclaration . TERMINAL
   88     | SimpleDeclaration . TERMINAL Body

    TERMINAL  shift, and go to state 105


State 59

   95 Assignment: ModifiablePrimary . ASSIGN Expression

    ASSIGN  shift, and go to state 106


State 60

   65 RoutineDeclaration: ROUTINE_TOKEN IDENT IS_TOKEN Body . END_TOKEN

    END_TOKEN  shift, and go to state 107


State 61

   87 Body: Statement . TERMINAL
   89     | Statement . TERMINAL Body

    TERMINAL  shift, and go to state 108


State 62

   90 Statement: Assignment .

    $default  reduce using rule 90 (Statement)


State 63

   91 Statement: RoutineCall .

    $default  reduce using rule 91 (Statement)


State 64

   92 Statement: WhileLoop .

    $default  reduce using rule 92 (Statement)


State 65

   93 Statement: ForLoop .

    $default  reduce using rule 93 (Statement)


State 66

   94 Statement: IfStatement .

    $default  reduce using rule 94 (Statement)


State 67

   22 RecordType: REC_TOKEN END_TOKEN .

    $default  reduce using rule 22 (RecordType)


State 68

   12 VariableDeclarations: VariableDeclaration . TERMINAL
   13                     | VariableDeclaration . TERMINAL VariableDeclarations

    TERMINAL  shift, and go to state 109


State 69

   23 RecordType: REC_TOKEN VariableDeclarations . END_TOKEN

    END_TOKEN  shift, and go to state 110


State 70

   24 ArrayType: ARRAY_TOKEN LBRACKET . Expression RBRACKET Type
   25          | ARRAY_TOKEN LBRACKET . RBRACKET Type

    RBRACKET      shift, and go to state 111
    LPAREN        shift, and go to state 34
    TRUE_TOKEN    shift, and go to state 35
    FALSE_TOKEN   shift, and go to state 36
    IDENT         shift, and go to state 37
    INT_LITERAL   shift, and go to state 38
    REAL_LITERAL  shift, and go to state 39

    Expression         go to state 112
    Relation           go to state 41
    Simple             go to state 42
    Factor             go to state 43
    Summand            go to state 44
    Primary            go to state 45
    ModifiablePrimary  go to state 46
    RoutineCall        go to state 47


State 71

   26 ArrayType: ARRAY_TOKEN Type .

    $default  reduce using rule 26 (ArrayType)


State 72

   10 VariableDeclaration: VAR_TOKEN IDENT COLON Type IS_TOKEN . Expression

    LPAREN        shift, and go to state 34
    TRUE_TOKEN    shift, and go to state 35
    FALSE_TOKEN   shift, and go to state 36
    IDENT         shift, and go to state 37
    INT_LITERAL   shift, and go to state 38
    REAL_LITERAL  shift, and go to state 39

    Expression         go to state 113
    Relation           go to state 41
    Simple             go to state 42
    Factor             go to state 43
    Summand            go to state 44
    Primary            go to state 45
    ModifiablePrimary  go to state 46
    RoutineCall        go to state 47


State 73

   50 Summand: LPAREN Expression . RPAREN

    RPAREN  shift, and go to state 114


State 74

   60 ModifiableSecondary: LBRACKET . Expression RBRACKET
   62                    | LBRACKET . Expression RBRACKET ModifiableSecondary

    LPAREN        shift, and go to state 34
    TRUE_TOKEN    shift, and go to state 35
    FALSE_TOKEN   shift, and go to state 36
    IDENT         shift, and go to state 37
    INT_LITERAL   shift, and go to state 38
    REAL_LITERAL  shift, and go to state 39

    Expression         go to state 115
    Relation           go to state 41
    Simple             go to state 42
    Factor             go to state 43
    Summand            go to state 44
    Primary            go to state 45
    ModifiablePrimary  go to state 46
    RoutineCall        go to state 47


State 75

   96 RoutineCall: IDENT LPAREN . RPAREN
   97            | IDENT LPAREN . Expressions RPAREN

    LPAREN        shift, and go to state 34
    RPAREN        shift, and go to state 116
    TRUE_TOKEN    shift, and go to state 35
    FALSE_TOKEN   shift, and go to state 36
    IDENT         shift, and go to state 37
    INT_LITERAL   shift, and go to state 38
    REAL_LITERAL  shift, and go to state 39

    Expression         go to state 117
    Relation           go to state 41
    Simple             go to state 42
    Factor             go to state 43
    Summand            go to state 44
    Primary            go to state 45
    ModifiablePrimary  go to state 46
    RoutineCall        go to state 47
    Expressions        go to state 118


State 76

   59 ModifiableSecondary: POINT . IDENT
   61                    | POINT . IDENT ModifiableSecondary

    IDENT  shift, and go to state 119


State 77

   58 ModifiablePrimary: IDENT ModifiableSecondary .

    $default  reduce using rule 58 (ModifiablePrimary)


State 78

   29 Logical: AND_TOKEN .

    $default  reduce using rule 29 (Logical)


State 79

   30 Logical: OR_TOKEN .

    $default  reduce using rule 30 (Logical)


State 80

   31 Logical: XOR_TOKEN .

    $default  reduce using rule 31 (Logical)


State 81

   28 Expression: Relation Logical . Relation

    LPAREN        shift, and go to state 34
    TRUE_TOKEN    shift, and go to state 35
    FALSE_TOKEN   shift, and go to state 36
    IDENT         shift, and go to state 37
    INT_LITERAL   shift, and go to state 38
    REAL_LITERAL  shift, and go to state 39

    Relation           go to state 120
    Simple             go to state 42
    Factor             go to state 43
    Summand            go to state 44
    Primary            go to state 45
    ModifiablePrimary  go to state 46
    RoutineCall        go to state 47


State 82

   35 Correlation: LESS_OR_EQ .

    $default  reduce using rule 35 (Correlation)


State 83

   37 Correlation: MORE_OR_EQ .

    $default  reduce using rule 37 (Correlation)


State 84

   39 Correlation: NOT_EQ .

    $default  reduce using rule 39 (Correlation)


State 85

   34 Correlation: LESS .

    $default  reduce using rule 34 (Correlation)


State 86

   36 Correlation: MORE .

    $default  reduce using rule 36 (Correlation)


State 87

   38 Correlation: EQ .

    $default  reduce using rule 38 (Correlation)


State 88

   33 Relation: Simple Correlation . Simple

    LPAREN        shift, and go to state 34
    TRUE_TOKEN    shift, and go to state 35
    FALSE_TOKEN   shift, and go to state 36
    IDENT         shift, and go to state 37
    INT_LITERAL   shift, and go to state 38
    REAL_LITERAL  shift, and go to state 39

    Simple             go to state 121
    Factor             go to state 43
    Summand            go to state 44
    Primary            go to state 45
    ModifiablePrimary  go to state 46
    RoutineCall        go to state 47


State 89

   42 FactorSign: MULTIPLY .

    $default  reduce using rule 42 (FactorSign)


State 90

   43 FactorSign: DIVIDE .

    $default  reduce using rule 43 (FactorSign)


State 91

   44 FactorSign: MOD .

    $default  reduce using rule 44 (FactorSign)


State 92

   41 Simple: Factor FactorSign . Factor

    LPAREN        shift, and go to state 34
    TRUE_TOKEN    shift, and go to state 35
    FALSE_TOKEN   shift, and go to state 36
    IDENT         shift, and go to state 37
    INT_LITERAL   shift, and go to state 38
    REAL_LITERAL  shift, and go to state 39

    Factor             go to state 122
    Summand            go to state 44
    Primary            go to state 45
    ModifiablePrimary  go to state 46
    RoutineCall        go to state 47


State 93

   47 Sign: PLUS .

    $default  reduce using rule 47 (Sign)


State 94

   48 Sign: MINUS .

    $default  reduce using rule 48 (Sign)


State 95

   46 Factor: Summand Sign . Summand

    LPAREN        shift, and go to state 34
    TRUE_TOKEN    shift, and go to state 35
    FALSE_TOKEN   shift, and go to state 36
    IDENT         shift, and go to state 37
    INT_LITERAL   shift, and go to state 38
    REAL_LITERAL  shift, and go to state 39

    Summand            go to state 123
    Primary            go to state 45
    ModifiablePrimary  go to state 46
    RoutineCall        go to state 47


State 96

   67 RoutineDeclaration: ROUTINE_TOKEN IDENT COLON Type IS_TOKEN . END_TOKEN
   68                   | ROUTINE_TOKEN IDENT COLON Type IS_TOKEN . Body END_TOKEN

    VAR_TOKEN    shift, and go to state 1
    TYPE_TOKEN   shift, and go to state 2
    END_TOKEN    shift, and go to state 124
    WHILE_TOKEN  shift, and go to state 55
    FOR_TOKEN    shift, and go to state 56
    IF_TOKEN     shift, and go to state 57
    IDENT        shift, and go to state 37

    SimpleDeclaration    go to state 58
    VariableDeclaration  go to state 7
    TypeDeclaration      go to state 8
    ModifiablePrimary    go to state 59
    Body                 go to state 125
    Statement            go to state 61
    Assignment           go to state 62
    RoutineCall          go to state 63
    WhileLoop            go to state 64
    ForLoop              go to state 65
    IfStatement          go to state 66


State 97

   75 RoutineDeclaration: ROUTINE_TOKEN IDENT LPAREN RPAREN COLON . Type
   77                   | ROUTINE_TOKEN IDENT LPAREN RPAREN COLON . Type IS_TOKEN END_TOKEN
   79                   | ROUTINE_TOKEN IDENT LPAREN RPAREN COLON . Type IS_TOKEN Body END_TOKEN

    INT_TOKEN    shift, and go to state 24
    REAL_TOKEN   shift, and go to state 25
    BOOL_TOKEN   shift, and go to state 26
    REC_TOKEN    shift, and go to state 27
    ARRAY_TOKEN  shift, and go to state 28
    IDENT        shift, and go to state 29

    Type           go to state 126
    PrimitiveType  go to state 31
    RecordType     go to state 32
    ArrayType      go to state 33


State 98

   71 RoutineDeclaration: ROUTINE_TOKEN IDENT LPAREN RPAREN IS_TOKEN . END_TOKEN
   73                   | ROUTINE_TOKEN IDENT LPAREN RPAREN IS_TOKEN . Body END_TOKEN

    VAR_TOKEN    shift, and go to state 1
    TYPE_TOKEN   shift, and go to state 2
    END_TOKEN    shift, and go to state 127
    WHILE_TOKEN  shift, and go to state 55
    FOR_TOKEN    shift, and go to state 56
    IF_TOKEN     shift, and go to state 57
    IDENT        shift, and go to state 37

    SimpleDeclaration    go to state 58
    VariableDeclaration  go to state 7
    TypeDeclaration      go to state 8
    ModifiablePrimary    go to state 59
    Body                 go to state 128
    Statement            go to state 61
    Assignment           go to state 62
    RoutineCall          go to state 63
    WhileLoop            go to state 64
    ForLoop              go to state 65
    IfStatement          go to state 66


State 99

   82 ParameterDeclaration: IDENT COLON . IDENT
   83                     | IDENT COLON . PrimitiveType

    INT_TOKEN   shift, and go to state 24
    REAL_TOKEN  shift, and go to state 25
    BOOL_TOKEN  shift, and go to state 26
    IDENT       shift, and go to state 129

    PrimitiveType  go to state 130


State 100

   85 Parameters: ParameterDeclaration COMMA . Parameters

    IDENT  shift, and go to state 51

    ParameterDeclaration  go to state 52
    Parameters            go to state 131


State 101

   70 RoutineDeclaration: ROUTINE_TOKEN IDENT LPAREN Parameters RPAREN .
   72                   | ROUTINE_TOKEN IDENT LPAREN Parameters RPAREN . IS_TOKEN END_TOKEN
   74                   | ROUTINE_TOKEN IDENT LPAREN Parameters RPAREN . IS_TOKEN Body END_TOKEN
   76                   | ROUTINE_TOKEN IDENT LPAREN Parameters RPAREN . COLON Type
   78                   | ROUTINE_TOKEN IDENT LPAREN Parameters RPAREN . COLON Type IS_TOKEN END_TOKEN
   81                   | ROUTINE_TOKEN IDENT LPAREN Parameters RPAREN . COLON Type IS_TOKEN Body END_TOKEN $@1

    COLON     shift, and go to state 132
    IS_TOKEN  shift, and go to state 133

    $default  reduce using rule 70 (RoutineDeclaration)


State 102

  100 WhileLoop: WHILE_TOKEN Expression . LOOP_TOKEN END_TOKEN
  101          | WHILE_TOKEN Expression . LOOP_TOKEN Body END_TOKEN

    LOOP_TOKEN  shift, and go to state 134


State 103

  102 ForLoop: FOR_TOKEN IDENT . Range LOOP_TOKEN END_TOKEN
  103        | FOR_TOKEN IDENT . Range LOOP_TOKEN Body END_TOKEN

    IN_TOKEN  shift, and go to state 135

    Range  go to state 136


State 104

  106 IfStatement: IF_TOKEN Expression . THEN_TOKEN Body END_TOKEN
  107            | IF_TOKEN Expression . THEN_TOKEN END_TOKEN
  108            | IF_TOKEN Expression . THEN_TOKEN Body ELSE_TOKEN Body END_TOKEN
  109            | IF_TOKEN Expression . THEN_TOKEN ELSE_TOKEN Body END_TOKEN
  110            | IF_TOKEN Expression . THEN_TOKEN Body ELSE_TOKEN END_TOKEN
  111            | IF_TOKEN Expression . THEN_TOKEN ELSE_TOKEN END_TOKEN

    THEN_TOKEN  shift, and go to state 137


State 105

   86 Body: SimpleDeclaration TERMINAL .
   88     | SimpleDeclaration TERMINAL . Body

    VAR_TOKEN    shift, and go to state 1
    TYPE_TOKEN   shift, and go to state 2
    WHILE_TOKEN  shift, and go to state 55
    FOR_TOKEN    shift, and go to state 56
    IF_TOKEN     shift, and go to state 57
    IDENT        shift, and go to state 37

    $default  reduce using rule 86 (Body)

    SimpleDeclaration    go to state 58
    VariableDeclaration  go to state 7
    TypeDeclaration      go to state 8
    ModifiablePrimary    go to state 59
    Body                 go to state 138
    Statement            go to state 61
    Assignment           go to state 62
    RoutineCall          go to state 63
    WhileLoop            go to state 64
    ForLoop              go to state 65
    IfStatement          go to state 66


State 106

   95 Assignment: ModifiablePrimary ASSIGN . Expression

    LPAREN        shift, and go to state 34
    TRUE_TOKEN    shift, and go to state 35
    FALSE_TOKEN   shift, and go to state 36
    IDENT         shift, and go to state 37
    INT_LITERAL   shift, and go to state 38
    REAL_LITERAL  shift, and go to state 39

    Expression         go to state 139
    Relation           go to state 41
    Simple             go to state 42
    Factor             go to state 43
    Summand            go to state 44
    Primary            go to state 45
    ModifiablePrimary  go to state 46
    RoutineCall        go to state 47


State 107

   65 RoutineDeclaration: ROUTINE_TOKEN IDENT IS_TOKEN Body END_TOKEN .

    $default  reduce using rule 65 (RoutineDeclaration)


State 108

   87 Body: Statement TERMINAL .
   89     | Statement TERMINAL . Body

    VAR_TOKEN    shift, and go to state 1
    TYPE_TOKEN   shift, and go to state 2
    WHILE_TOKEN  shift, and go to state 55
    FOR_TOKEN    shift, and go to state 56
    IF_TOKEN     shift, and go to state 57
    IDENT        shift, and go to state 37

    $default  reduce using rule 87 (Body)

    SimpleDeclaration    go to state 58
    VariableDeclaration  go to state 7
    TypeDeclaration      go to state 8
    ModifiablePrimary    go to state 59
    Body                 go to state 140
    Statement            go to state 61
    Assignment           go to state 62
    RoutineCall          go to state 63
    WhileLoop            go to state 64
    ForLoop              go to state 65
    IfStatement          go to state 66


State 109

   12 VariableDeclarations: VariableDeclaration TERMINAL .
   13                     | VariableDeclaration TERMINAL . VariableDeclarations

    VAR_TOKEN  shift, and go to state 1

    $default  reduce using rule 12 (VariableDeclarations)

    VariableDeclaration   go to state 68
    VariableDeclarations  go to state 141


State 110

   23 RecordType: REC_TOKEN VariableDeclarations END_TOKEN .

    $default  reduce using rule 23 (RecordType)


State 111

   25 ArrayType: ARRAY_TOKEN LBRACKET RBRACKET . Type

    INT_TOKEN    shift, and go to state 24
    REAL_TOKEN   shift, and go to state 25
    BOOL_TOKEN   shift, and go to state 26
    REC_TOKEN    shift, and go to state 27
    ARRAY_TOKEN  shift, and go to state 28
    IDENT        shift, and go to state 29

    Type           go to state 142
    PrimitiveType  go to state 31
    RecordType     go to state 32
    ArrayType      go to state 33


State 112

   24 ArrayType: ARRAY_TOKEN LBRACKET Expression . RBRACKET Type

    RBRACKET  shift, and go to state 143


State 113

   10 VariableDeclaration: VAR_TOKEN IDENT COLON Type IS_TOKEN Expression .

    $default  reduce using rule 10 (VariableDeclaration)


State 114

   50 Summand: LPAREN Expression RPAREN .

    $default  reduce using rule 50 (Summand)


State 115

   60 ModifiableSecondary: LBRACKET Expression . RBRACKET
   62                    | LBRACKET Expression . RBRACKET ModifiableSecondary

    RBRACKET  shift, and go to state 144


State 116

   96 RoutineCall: IDENT LPAREN RPAREN .

    $default  reduce using rule 96 (RoutineCall)


State 117

   98 Expressions: Expression .
   99            | Expression . COMMA Expressions

    COMMA  shift, and go to state 145

    $default  reduce using rule 98 (Expressions)


State 118

   97 RoutineCall: IDENT LPAREN Expressions . RPAREN

    RPAREN  shift, and go to state 146


State 119

   59 ModifiableSecondary: POINT IDENT .
   61                    | POINT IDENT . ModifiableSecondary

    LBRACKET  shift, and go to state 74
    POINT     shift, and go to state 76

    $default  reduce using rule 59 (ModifiableSecondary)

    ModifiableSecondary  go to state 147


State 120

   28 Expression: Relation Logical Relation .

    $default  reduce using rule 28 (Expression)


State 121

   33 Relation: Simple Correlation Simple .

    $default  reduce using rule 33 (Relation)


State 122

   41 Simple: Factor FactorSign Factor .

    $default  reduce using rule 41 (Simple)


State 123

   46 Factor: Summand Sign Summand .

    $default  reduce using rule 46 (Factor)


State 124

   67 RoutineDeclaration: ROUTINE_TOKEN IDENT COLON Type IS_TOKEN END_TOKEN .

    $default  reduce using rule 67 (RoutineDeclaration)


State 125

   68 RoutineDeclaration: ROUTINE_TOKEN IDENT COLON Type IS_TOKEN Body . END_TOKEN

    END_TOKEN  shift, and go to state 148


State 126

   75 RoutineDeclaration: ROUTINE_TOKEN IDENT LPAREN RPAREN COLON Type .
   77                   | ROUTINE_TOKEN IDENT LPAREN RPAREN COLON Type . IS_TOKEN END_TOKEN
   79                   | ROUTINE_TOKEN IDENT LPAREN RPAREN COLON Type . IS_TOKEN Body END_TOKEN

    IS_TOKEN  shift, and go to state 149

    $default  reduce using rule 75 (RoutineDeclaration)


State 127

   71 RoutineDeclaration: ROUTINE_TOKEN IDENT LPAREN RPAREN IS_TOKEN END_TOKEN .

    $default  reduce using rule 71 (RoutineDeclaration)


State 128

   73 RoutineDeclaration: ROUTINE_TOKEN IDENT LPAREN RPAREN IS_TOKEN Body . END_TOKEN

    END_TOKEN  shift, and go to state 150


State 129

   82 ParameterDeclaration: IDENT COLON IDENT .

    $default  reduce using rule 82 (ParameterDeclaration)


State 130

   83 ParameterDeclaration: IDENT COLON PrimitiveType .

    $default  reduce using rule 83 (ParameterDeclaration)


State 131

   85 Parameters: ParameterDeclaration COMMA Parameters .

    $default  reduce using rule 85 (Parameters)


State 132

   76 RoutineDeclaration: ROUTINE_TOKEN IDENT LPAREN Parameters RPAREN COLON . Type
   78                   | ROUTINE_TOKEN IDENT LPAREN Parameters RPAREN COLON . Type IS_TOKEN END_TOKEN
   81                   | ROUTINE_TOKEN IDENT LPAREN Parameters RPAREN COLON . Type IS_TOKEN Body END_TOKEN $@1

    INT_TOKEN    shift, and go to state 24
    REAL_TOKEN   shift, and go to state 25
    BOOL_TOKEN   shift, and go to state 26
    REC_TOKEN    shift, and go to state 27
    ARRAY_TOKEN  shift, and go to state 28
    IDENT        shift, and go to state 29

    Type           go to state 151
    PrimitiveType  go to state 31
    RecordType     go to state 32
    ArrayType      go to state 33


State 133

   72 RoutineDeclaration: ROUTINE_TOKEN IDENT LPAREN Parameters RPAREN IS_TOKEN . END_TOKEN
   74                   | ROUTINE_TOKEN IDENT LPAREN Parameters RPAREN IS_TOKEN . Body END_TOKEN

    VAR_TOKEN    shift, and go to state 1
    TYPE_TOKEN   shift, and go to state 2
    END_TOKEN    shift, and go to state 152
    WHILE_TOKEN  shift, and go to state 55
    FOR_TOKEN    shift, and go to state 56
    IF_TOKEN     shift, and go to state 57
    IDENT        shift, and go to state 37

    SimpleDeclaration    go to state 58
    VariableDeclaration  go to state 7
    TypeDeclaration      go to state 8
    ModifiablePrimary    go to state 59
    Body                 go to state 153
    Statement            go to state 61
    Assignment           go to state 62
    RoutineCall          go to state 63
    WhileLoop            go to state 64
    ForLoop              go to state 65
    IfStatement          go to state 66


State 134

  100 WhileLoop: WHILE_TOKEN Expression LOOP_TOKEN . END_TOKEN
  101          | WHILE_TOKEN Expression LOOP_TOKEN . Body END_TOKEN

    VAR_TOKEN    shift, and go to state 1
    TYPE_TOKEN   shift, and go to state 2
    END_TOKEN    shift, and go to state 154
    WHILE_TOKEN  shift, and go to state 55
    FOR_TOKEN    shift, and go to state 56
    IF_TOKEN     shift, and go to state 57
    IDENT        shift, and go to state 37

    SimpleDeclaration    go to state 58
    VariableDeclaration  go to state 7
    TypeDeclaration      go to state 8
    ModifiablePrimary    go to state 59
    Body                 go to state 155
    Statement            go to state 61
    Assignment           go to state 62
    RoutineCall          go to state 63
    WhileLoop            go to state 64
    ForLoop              go to state 65
    IfStatement          go to state 66


State 135

  104 Range: IN_TOKEN . Expression FALLEN_COLON Expression
  105      | IN_TOKEN . REVERSE_TOKEN Expression FALLEN_COLON Expression

    LPAREN         shift, and go to state 34
    REVERSE_TOKEN  shift, and go to state 156
    TRUE_TOKEN     shift, and go to state 35
    FALSE_TOKEN    shift, and go to state 36
    IDENT          shift, and go to state 37
    INT_LITERAL    shift, and go to state 38
    REAL_LITERAL   shift, and go to state 39

    Expression         go to state 157
    Relation           go to state 41
    Simple             go to state 42
    Factor             go to state 43
    Summand            go to state 44
    Primary            go to state 45
    ModifiablePrimary  go to state 46
    RoutineCall        go to state 47


State 136

  102 ForLoop: FOR_TOKEN IDENT Range . LOOP_TOKEN END_TOKEN
  103        | FOR_TOKEN IDENT Range . LOOP_TOKEN Body END_TOKEN

    LOOP_TOKEN  shift, and go to state 158


State 137

  106 IfStatement: IF_TOKEN Expression THEN_TOKEN . Body END_TOKEN
  107            | IF_TOKEN Expression THEN_TOKEN . END_TOKEN
  108            | IF_TOKEN Expression THEN_TOKEN . Body ELSE_TOKEN Body END_TOKEN
  109            | IF_TOKEN Expression THEN_TOKEN . ELSE_TOKEN Body END_TOKEN
  110            | IF_TOKEN Expression THEN_TOKEN . Body ELSE_TOKEN END_TOKEN
  111            | IF_TOKEN Expression THEN_TOKEN . ELSE_TOKEN END_TOKEN

    VAR_TOKEN    shift, and go to state 1
    TYPE_TOKEN   shift, and go to state 2
    END_TOKEN    shift, and go to state 159
    WHILE_TOKEN  shift, and go to state 55
    FOR_TOKEN    shift, and go to state 56
    IF_TOKEN     shift, and go to state 57
    ELSE_TOKEN   shift, and go to state 160
    IDENT        shift, and go to state 37

    SimpleDeclaration    go to state 58
    VariableDeclaration  go to state 7
    TypeDeclaration      go to state 8
    ModifiablePrimary    go to state 59
    Body                 go to state 161
    Statement            go to state 61
    Assignment           go to state 62
    RoutineCall          go to state 63
    WhileLoop            go to state 64
    ForLoop              go to state 65
    IfStatement          go to state 66


State 138

   88 Body: SimpleDeclaration TERMINAL Body .

    $default  reduce using rule 88 (Body)


State 139

   95 Assignment: ModifiablePrimary ASSIGN Expression .

    $default  reduce using rule 95 (Assignment)


State 140

   89 Body: Statement TERMINAL Body .

    $default  reduce using rule 89 (Body)


State 141

   13 VariableDeclarations: VariableDeclaration TERMINAL VariableDeclarations .

    $default  reduce using rule 13 (VariableDeclarations)


State 142

   25 ArrayType: ARRAY_TOKEN LBRACKET RBRACKET Type .

    $default  reduce using rule 25 (ArrayType)


State 143

   24 ArrayType: ARRAY_TOKEN LBRACKET Expression RBRACKET . Type

    INT_TOKEN    shift, and go to state 24
    REAL_TOKEN   shift, and go to state 25
    BOOL_TOKEN   shift, and go to state 26
    REC_TOKEN    shift, and go to state 27
    ARRAY_TOKEN  shift, and go to state 28
    IDENT        shift, and go to state 29

    Type           go to state 162
    PrimitiveType  go to state 31
    RecordType     go to state 32
    ArrayType      go to state 33


State 144

   60 ModifiableSecondary: LBRACKET Expression RBRACKET .
   62                    | LBRACKET Expression RBRACKET . ModifiableSecondary

    LBRACKET  shift, and go to state 74
    POINT     shift, and go to state 76

    $default  reduce using rule 60 (ModifiableSecondary)

    ModifiableSecondary  go to state 163


State 145

   99 Expressions: Expression COMMA . Expressions

    LPAREN        shift, and go to state 34
    TRUE_TOKEN    shift, and go to state 35
    FALSE_TOKEN   shift, and go to state 36
    IDENT         shift, and go to state 37
    INT_LITERAL   shift, and go to state 38
    REAL_LITERAL  shift, and go to state 39

    Expression         go to state 117
    Relation           go to state 41
    Simple             go to state 42
    Factor             go to state 43
    Summand            go to state 44
    Primary            go to state 45
    ModifiablePrimary  go to state 46
    RoutineCall        go to state 47
    Expressions        go to state 164


State 146

   97 RoutineCall: IDENT LPAREN Expressions RPAREN .

    $default  reduce using rule 97 (RoutineCall)


State 147

   61 ModifiableSecondary: POINT IDENT ModifiableSecondary .

    $default  reduce using rule 61 (ModifiableSecondary)


State 148

   68 RoutineDeclaration: ROUTINE_TOKEN IDENT COLON Type IS_TOKEN Body END_TOKEN .

    $default  reduce using rule 68 (RoutineDeclaration)


State 149

   77 RoutineDeclaration: ROUTINE_TOKEN IDENT LPAREN RPAREN COLON Type IS_TOKEN . END_TOKEN
   79                   | ROUTINE_TOKEN IDENT LPAREN RPAREN COLON Type IS_TOKEN . Body END_TOKEN

    VAR_TOKEN    shift, and go to state 1
    TYPE_TOKEN   shift, and go to state 2
    END_TOKEN    shift, and go to state 165
    WHILE_TOKEN  shift, and go to state 55
    FOR_TOKEN    shift, and go to state 56
    IF_TOKEN     shift, and go to state 57
    IDENT        shift, and go to state 37

    SimpleDeclaration    go to state 58
    VariableDeclaration  go to state 7
    TypeDeclaration      go to state 8
    ModifiablePrimary    go to state 59
    Body                 go to state 166
    Statement            go to state 61
    Assignment           go to state 62
    RoutineCall          go to state 63
    WhileLoop            go to state 64
    ForLoop              go to state 65
    IfStatement          go to state 66


State 150

   73 RoutineDeclaration: ROUTINE_TOKEN IDENT LPAREN RPAREN IS_TOKEN Body END_TOKEN .

    $default  reduce using rule 73 (RoutineDeclaration)


State 151

   76 RoutineDeclaration: ROUTINE_TOKEN IDENT LPAREN Parameters RPAREN COLON Type .
   78                   | ROUTINE_TOKEN IDENT LPAREN Parameters RPAREN COLON Type . IS_TOKEN END_TOKEN
   81                   | ROUTINE_TOKEN IDENT LPAREN Parameters RPAREN COLON Type . IS_TOKEN Body END_TOKEN $@1

    IS_TOKEN  shift, and go to state 167

    $default  reduce using rule 76 (RoutineDeclaration)


State 152

   72 RoutineDeclaration: ROUTINE_TOKEN IDENT LPAREN Parameters RPAREN IS_TOKEN END_TOKEN .

    $default  reduce using rule 72 (RoutineDeclaration)


State 153

   74 RoutineDeclaration: ROUTINE_TOKEN IDENT LPAREN Parameters RPAREN IS_TOKEN Body . END_TOKEN

    END_TOKEN  shift, and go to state 168


State 154

  100 WhileLoop: WHILE_TOKEN Expression LOOP_TOKEN END_TOKEN .

    $default  reduce using rule 100 (WhileLoop)


State 155

  101 WhileLoop: WHILE_TOKEN Expression LOOP_TOKEN Body . END_TOKEN

    END_TOKEN  shift, and go to state 169


State 156

  105 Range: IN_TOKEN REVERSE_TOKEN . Expression FALLEN_COLON Expression

    LPAREN        shift, and go to state 34
    TRUE_TOKEN    shift, and go to state 35
    FALSE_TOKEN   shift, and go to state 36
    IDENT         shift, and go to state 37
    INT_LITERAL   shift, and go to state 38
    REAL_LITERAL  shift, and go to state 39

    Expression         go to state 170
    Relation           go to state 41
    Simple             go to state 42
    Factor             go to state 43
    Summand            go to state 44
    Primary            go to state 45
    ModifiablePrimary  go to state 46
    RoutineCall        go to state 47


State 157

  104 Range: IN_TOKEN Expression . FALLEN_COLON Expression

    FALLEN_COLON  shift, and go to state 171


State 158

  102 ForLoop: FOR_TOKEN IDENT Range LOOP_TOKEN . END_TOKEN
  103        | FOR_TOKEN IDENT Range LOOP_TOKEN . Body END_TOKEN

    VAR_TOKEN    shift, and go to state 1
    TYPE_TOKEN   shift, and go to state 2
    END_TOKEN    shift, and go to state 172
    WHILE_TOKEN  shift, and go to state 55
    FOR_TOKEN    shift, and go to state 56
    IF_TOKEN     shift, and go to state 57
    IDENT        shift, and go to state 37

    SimpleDeclaration    go to state 58
    VariableDeclaration  go to state 7
    TypeDeclaration      go to state 8
    ModifiablePrimary    go to state 59
    Body                 go to state 173
    Statement            go to state 61
    Assignment           go to state 62
    RoutineCall          go to state 63
    WhileLoop            go to state 64
    ForLoop              go to state 65
    IfStatement          go to state 66


State 159

  107 IfStatement: IF_TOKEN Expression THEN_TOKEN END_TOKEN .

    $default  reduce using rule 107 (IfStatement)


State 160

  109 IfStatement: IF_TOKEN Expression THEN_TOKEN ELSE_TOKEN . Body END_TOKEN
  111            | IF_TOKEN Expression THEN_TOKEN ELSE_TOKEN . END_TOKEN

    VAR_TOKEN    shift, and go to state 1
    TYPE_TOKEN   shift, and go to state 2
    END_TOKEN    shift, and go to state 174
    WHILE_TOKEN  shift, and go to state 55
    FOR_TOKEN    shift, and go to state 56
    IF_TOKEN     shift, and go to state 57
    IDENT        shift, and go to state 37

    SimpleDeclaration    go to state 58
    VariableDeclaration  go to state 7
    TypeDeclaration      go to state 8
    ModifiablePrimary    go to state 59
    Body                 go to state 175
    Statement            go to state 61
    Assignment           go to state 62
    RoutineCall          go to state 63
    WhileLoop            go to state 64
    ForLoop              go to state 65
    IfStatement          go to state 66


State 161

  106 IfStatement: IF_TOKEN Expression THEN_TOKEN Body . END_TOKEN
  108            | IF_TOKEN Expression THEN_TOKEN Body . ELSE_TOKEN Body END_TOKEN
  110            | IF_TOKEN Expression THEN_TOKEN Body . ELSE_TOKEN END_TOKEN

    END_TOKEN   shift, and go to state 176
    ELSE_TOKEN  shift, and go to state 177


State 162

   24 ArrayType: ARRAY_TOKEN LBRACKET Expression RBRACKET Type .

    $default  reduce using rule 24 (ArrayType)


State 163

   62 ModifiableSecondary: LBRACKET Expression RBRACKET ModifiableSecondary .

    $default  reduce using rule 62 (ModifiableSecondary)


State 164

   99 Expressions: Expression COMMA Expressions .

    $default  reduce using rule 99 (Expressions)


State 165

   77 RoutineDeclaration: ROUTINE_TOKEN IDENT LPAREN RPAREN COLON Type IS_TOKEN END_TOKEN .

    $default  reduce using rule 77 (RoutineDeclaration)


State 166

   79 RoutineDeclaration: ROUTINE_TOKEN IDENT LPAREN RPAREN COLON Type IS_TOKEN Body . END_TOKEN

    END_TOKEN  shift, and go to state 178


State 167

   78 RoutineDeclaration: ROUTINE_TOKEN IDENT LPAREN Parameters RPAREN COLON Type IS_TOKEN . END_TOKEN
   81                   | ROUTINE_TOKEN IDENT LPAREN Parameters RPAREN COLON Type IS_TOKEN . Body END_TOKEN $@1

    VAR_TOKEN    shift, and go to state 1
    TYPE_TOKEN   shift, and go to state 2
    END_TOKEN    shift, and go to state 179
    WHILE_TOKEN  shift, and go to state 55
    FOR_TOKEN    shift, and go to state 56
    IF_TOKEN     shift, and go to state 57
    IDENT        shift, and go to state 37

    SimpleDeclaration    go to state 58
    VariableDeclaration  go to state 7
    TypeDeclaration      go to state 8
    ModifiablePrimary    go to state 59
    Body                 go to state 180
    Statement            go to state 61
    Assignment           go to state 62
    RoutineCall          go to state 63
    WhileLoop            go to state 64
    ForLoop              go to state 65
    IfStatement          go to state 66


State 168

   74 RoutineDeclaration: ROUTINE_TOKEN IDENT LPAREN Parameters RPAREN IS_TOKEN Body END_TOKEN .

    $default  reduce using rule 74 (RoutineDeclaration)


State 169

  101 WhileLoop: WHILE_TOKEN Expression LOOP_TOKEN Body END_TOKEN .

    $default  reduce using rule 101 (WhileLoop)


State 170

  105 Range: IN_TOKEN REVERSE_TOKEN Expression . FALLEN_COLON Expression

    FALLEN_COLON  shift, and go to state 181


State 171

  104 Range: IN_TOKEN Expression FALLEN_COLON . Expression

    LPAREN        shift, and go to state 34
    TRUE_TOKEN    shift, and go to state 35
    FALSE_TOKEN   shift, and go to state 36
    IDENT         shift, and go to state 37
    INT_LITERAL   shift, and go to state 38
    REAL_LITERAL  shift, and go to state 39

    Expression         go to state 182
    Relation           go to state 41
    Simple             go to state 42
    Factor             go to state 43
    Summand            go to state 44
    Primary            go to state 45
    ModifiablePrimary  go to state 46
    RoutineCall        go to state 47


State 172

  102 ForLoop: FOR_TOKEN IDENT Range LOOP_TOKEN END_TOKEN .

    $default  reduce using rule 102 (ForLoop)


State 173

  103 ForLoop: FOR_TOKEN IDENT Range LOOP_TOKEN Body . END_TOKEN

    END_TOKEN  shift, and go to state 183


State 174

  111 IfStatement: IF_TOKEN Expression THEN_TOKEN ELSE_TOKEN END_TOKEN .

    $default  reduce using rule 111 (IfStatement)


State 175

  109 IfStatement: IF_TOKEN Expression THEN_TOKEN ELSE_TOKEN Body . END_TOKEN

    END_TOKEN  shift, and go to state 184


State 176

  106 IfStatement: IF_TOKEN Expression THEN_TOKEN Body END_TOKEN .

    $default  reduce using rule 106 (IfStatement)


State 177

  108 IfStatement: IF_TOKEN Expression THEN_TOKEN Body ELSE_TOKEN . Body END_TOKEN
  110            | IF_TOKEN Expression THEN_TOKEN Body ELSE_TOKEN . END_TOKEN

    VAR_TOKEN    shift, and go to state 1
    TYPE_TOKEN   shift, and go to state 2
    END_TOKEN    shift, and go to state 185
    WHILE_TOKEN  shift, and go to state 55
    FOR_TOKEN    shift, and go to state 56
    IF_TOKEN     shift, and go to state 57
    IDENT        shift, and go to state 37

    SimpleDeclaration    go to state 58
    VariableDeclaration  go to state 7
    TypeDeclaration      go to state 8
    ModifiablePrimary    go to state 59
    Body                 go to state 186
    Statement            go to state 61
    Assignment           go to state 62
    RoutineCall          go to state 63
    WhileLoop            go to state 64
    ForLoop              go to state 65
    IfStatement          go to state 66


State 178

   79 RoutineDeclaration: ROUTINE_TOKEN IDENT LPAREN RPAREN COLON Type IS_TOKEN Body END_TOKEN .

    $default  reduce using rule 79 (RoutineDeclaration)


State 179

   78 RoutineDeclaration: ROUTINE_TOKEN IDENT LPAREN Parameters RPAREN COLON Type IS_TOKEN END_TOKEN .

    $default  reduce using rule 78 (RoutineDeclaration)


State 180

   81 RoutineDeclaration: ROUTINE_TOKEN IDENT LPAREN Parameters RPAREN COLON Type IS_TOKEN Body . END_TOKEN $@1

    END_TOKEN  shift, and go to state 187


State 181

  105 Range: IN_TOKEN REVERSE_TOKEN Expression FALLEN_COLON . Expression

    LPAREN        shift, and go to state 34
    TRUE_TOKEN    shift, and go to state 35
    FALSE_TOKEN   shift, and go to state 36
    IDENT         shift, and go to state 37
    INT_LITERAL   shift, and go to state 38
    REAL_LITERAL  shift, and go to state 39

    Expression         go to state 188
    Relation           go to state 41
    Simple             go to state 42
    Factor             go to state 43
    Summand            go to state 44
    Primary            go to state 45
    ModifiablePrimary  go to state 46
    RoutineCall        go to state 47


State 182

  104 Range: IN_TOKEN Expression FALLEN_COLON Expression .

    $default  reduce using rule 104 (Range)


State 183

  103 ForLoop: FOR_TOKEN IDENT Range LOOP_TOKEN Body END_TOKEN .

    $default  reduce using rule 103 (ForLoop)


State 184

  109 IfStatement: IF_TOKEN Expression THEN_TOKEN ELSE_TOKEN Body END_TOKEN .

    $default  reduce using rule 109 (IfStatement)


State 185

  110 IfStatement: IF_TOKEN Expression THEN_TOKEN Body ELSE_TOKEN END_TOKEN .

    $default  reduce using rule 110 (IfStatement)


State 186

  108 IfStatement: IF_TOKEN Expression THEN_TOKEN Body ELSE_TOKEN Body . END_TOKEN

    END_TOKEN  shift, and go to state 189


State 187

   81 RoutineDeclaration: ROUTINE_TOKEN IDENT LPAREN Parameters RPAREN COLON Type IS_TOKEN Body END_TOKEN . $@1

    $default  reduce using rule 80 ($@1)

    $@1  go to state 190


State 188

  105 Range: IN_TOKEN REVERSE_TOKEN Expression FALLEN_COLON Expression .

    $default  reduce using rule 105 (Range)


State 189

  108 IfStatement: IF_TOKEN Expression THEN_TOKEN Body ELSE_TOKEN Body END_TOKEN .

    $default  reduce using rule 108 (IfStatement)


State 190

   81 RoutineDeclaration: ROUTINE_TOKEN IDENT LPAREN Parameters RPAREN COLON Type IS_TOKEN Body END_TOKEN $@1 .

    $default  reduce using rule 81 (RoutineDeclaration)
